2020-12-21 17:40:15,875 INFO SPI service [com.alipay.sofa.jraft.JRaftServiceFactory - com.alipay.sofa.jraft.core.DefaultJRaftServiceFactory] loading.

2020-12-21 17:40:16,179 INFO SPI service [com.alipay.sofa.jraft.rpc.RaftRpcFactory - com.alipay.sofa.jraft.rpc.impl.GrpcRaftRpcFactory] loading.

2020-12-21 17:40:17,124 INFO SPI service [com.alipay.sofa.jraft.util.JRaftSignalHandler - com.alipay.sofa.jraft.NodeDescribeSignalHandler] loading.

2020-12-21 17:40:17,127 INFO SPI service [com.alipay.sofa.jraft.util.JRaftSignalHandler - com.alipay.sofa.jraft.NodeMetricsSignalHandler] loading.

2020-12-21 17:40:17,129 INFO SPI service [com.alipay.sofa.jraft.util.JRaftSignalHandler - com.alipay.sofa.jraft.ThreadPoolMetricsSignalHandler] loading.

2020-12-21 17:40:17,132 INFO SPI service [com.alipay.sofa.jraft.util.timer.RaftTimerFactory - com.alipay.sofa.jraft.util.timer.DefaultRaftTimerFactory] loading.

2020-12-21 17:40:17,136 INFO The number of active nodes increment to 1.

2020-12-21 17:40:18,082 INFO Starts FSMCaller successfully.

2020-12-21 17:40:18,089 WARN No data for snapshot reader /home/nacos/data/protocol/raft/naming_persistent_service/snapshot.

2020-12-21 17:40:18,104 INFO Node <naming_persistent_service/nacos2:7848> init, term=0, lastLogId=LogId [index=0, term=0], conf=nacos3:7848,nacos1:7848,nacos2:7848, oldConf=.

2020-12-21 17:40:18,106 WARN RPC server is not started in RaftGroupService.

2020-12-21 17:40:18,107 INFO Start the RaftGroupService successfully.

2020-12-21 17:40:23,742 INFO Node <naming_persistent_service/nacos2:7848> term 0 start preVote.

2020-12-21 17:40:23,755 INFO Peer nacos3:7848 is connected.

2020-12-21 17:40:23,850 INFO Peer nacos1:7848 is connected.

2020-12-21 17:40:23,902 INFO Node <naming_persistent_service/nacos2:7848> received PreVoteResponse from nacos3:7848, term=0, granted=true.

2020-12-21 17:40:23,913 INFO Node <naming_persistent_service/nacos2:7848> start vote and grant vote self, term=0.

2020-12-21 17:40:23,976 INFO Save raft meta, path=/home/nacos/data/protocol/raft/naming_persistent_service/meta-data, term=1, votedFor=nacos2:7848, cost time=44 ms

2020-12-21 17:40:23,978 WARN Node <naming_persistent_service/nacos2:7848> received invalid PreVoteResponse from nacos1:7848, state not in STATE_FOLLOWER but STATE_CANDIDATE.

2020-12-21 17:40:24,083 INFO Node <naming_persistent_service/nacos2:7848> become leader of group, term=1, conf=nacos3:7848,nacos1:7848,nacos2:7848, oldConf=.

2020-12-21 17:40:24,105 INFO Replicator=Replicator [state=null, statInfo=<running=null, firstLogIndex=0, lastLogIncluded=0, lastLogIndex=0, lastTermIncluded=0>, peerId=nacos3:7848, type=Follower]@nacos3:7848 is started

2020-12-21 17:40:24,136 INFO Replicator=Replicator [state=null, statInfo=<running=null, firstLogIndex=0, lastLogIncluded=0, lastLogIndex=0, lastTermIncluded=0>, peerId=nacos1:7848, type=Follower]@nacos1:7848 is started

2020-12-21 17:40:24,158 INFO -Djraft.recyclers.maxCapacityPerThread: 4096.

2020-12-21 17:40:24,177 WARN Node <naming_persistent_service/nacos2:7848> received invalid RequestVoteResponse from nacos1:7848, state not in STATE_CANDIDATE but STATE_LEADER.

2020-12-21 17:40:24,446 INFO onLeaderStart: term=1.

2020-12-21 17:58:40,765 INFO Deleting snapshot /home/nacos/data/protocol/raft/naming_persistent_service/snapshot/snapshot_1.

2020-12-21 17:58:40,766 INFO Renaming /home/nacos/data/protocol/raft/naming_persistent_service/snapshot/temp to /home/nacos/data/protocol/raft/naming_persistent_service/snapshot/snapshot_1.

2020-12-21 18:10:24,813 INFO Connection disconnected: /172.18.0.3:48700

2020-12-21 18:10:24,978 INFO Connection disconnected: /172.18.0.5:41960

2020-12-21 18:10:25,063 INFO Connection disconnected: /172.18.0.4:55266

