2020-12-21 17:40:18,148 INFO [DISTRO-INIT] waiting distro data storage register...

2020-12-21 17:40:19,152 INFO [DISTRO-INIT] waiting distro data storage register...

2020-12-21 17:40:20,154 INFO [DISTRO-INIT] load snapshot com.alibaba.nacos.naming.iplist. from nacos1:8848

2020-12-21 17:40:20,354 ERROR [DISTRO-INIT] load snapshot com.alibaba.nacos.naming.iplist. from nacos1:8848 failed.

com.alibaba.nacos.core.distributed.distro.exception.DistroException: [DISTRO-EXCEPTION]Get snapshot from nacos1:8848 failed.
	at com.alibaba.nacos.naming.consistency.ephemeral.distro.component.DistroHttpAgent.getDatumSnapshot(DistroHttpAgent.java:83)
	at com.alibaba.nacos.core.distributed.distro.task.load.DistroLoadDataTask.loadAllDataSnapshotFromRemote(DistroLoadDataTask.java:103)
	at com.alibaba.nacos.core.distributed.distro.task.load.DistroLoadDataTask.load(DistroLoadDataTask.java:87)
	at com.alibaba.nacos.core.distributed.distro.task.load.DistroLoadDataTask.run(DistroLoadDataTask.java:63)
	at java.util.concurrent.Executors$RunnableAdapter.call(Executors.java:511)
	at java.util.concurrent.FutureTask.run(FutureTask.java:266)
	at java.util.concurrent.ScheduledThreadPoolExecutor$ScheduledFutureTask.access$201(ScheduledThreadPoolExecutor.java:180)
	at java.util.concurrent.ScheduledThreadPoolExecutor$ScheduledFutureTask.run(ScheduledThreadPoolExecutor.java:293)
	at java.util.concurrent.ThreadPoolExecutor.runWorker(ThreadPoolExecutor.java:1149)
	at java.util.concurrent.ThreadPoolExecutor$Worker.run(ThreadPoolExecutor.java:624)
	at java.lang.Thread.run(Thread.java:748)
Caused by: java.io.IOException: failed to req API: http://nacos1:8848/nacos/v1/ns/distro/datums. code: 500 msg: java.net.ConnectException: Connection refused (Connection refused)
	at com.alibaba.nacos.naming.misc.NamingProxy.getAllData(NamingProxy.java:150)
	at com.alibaba.nacos.naming.consistency.ephemeral.distro.component.DistroHttpAgent.getDatumSnapshot(DistroHttpAgent.java:80)
	... 10 common frames omitted
2020-12-21 17:40:20,368 INFO [DISTRO-INIT] load snapshot com.alibaba.nacos.naming.iplist. from nacos3:8848

2020-12-21 17:40:20,388 ERROR [DISTRO-INIT] load snapshot com.alibaba.nacos.naming.iplist. from nacos3:8848 failed.

com.alibaba.nacos.core.distributed.distro.exception.DistroException: [DISTRO-EXCEPTION]Get snapshot from nacos3:8848 failed.
	at com.alibaba.nacos.naming.consistency.ephemeral.distro.component.DistroHttpAgent.getDatumSnapshot(DistroHttpAgent.java:83)
	at com.alibaba.nacos.core.distributed.distro.task.load.DistroLoadDataTask.loadAllDataSnapshotFromRemote(DistroLoadDataTask.java:103)
	at com.alibaba.nacos.core.distributed.distro.task.load.DistroLoadDataTask.load(DistroLoadDataTask.java:87)
	at com.alibaba.nacos.core.distributed.distro.task.load.DistroLoadDataTask.run(DistroLoadDataTask.java:63)
	at java.util.concurrent.Executors$RunnableAdapter.call(Executors.java:511)
	at java.util.concurrent.FutureTask.run(FutureTask.java:266)
	at java.util.concurrent.ScheduledThreadPoolExecutor$ScheduledFutureTask.access$201(ScheduledThreadPoolExecutor.java:180)
	at java.util.concurrent.ScheduledThreadPoolExecutor$ScheduledFutureTask.run(ScheduledThreadPoolExecutor.java:293)
	at java.util.concurrent.ThreadPoolExecutor.runWorker(ThreadPoolExecutor.java:1149)
	at java.util.concurrent.ThreadPoolExecutor$Worker.run(ThreadPoolExecutor.java:624)
	at java.lang.Thread.run(Thread.java:748)
Caused by: java.io.IOException: failed to req API: http://nacos3:8848/nacos/v1/ns/distro/datums. code: 500 msg: java.net.ConnectException: Connection refused (Connection refused)
	at com.alibaba.nacos.naming.misc.NamingProxy.getAllData(NamingProxy.java:150)
	at com.alibaba.nacos.naming.consistency.ephemeral.distro.component.DistroHttpAgent.getDatumSnapshot(DistroHttpAgent.java:80)
	... 10 common frames omitted
2020-12-21 17:40:50,388 INFO [DISTRO-INIT] load snapshot com.alibaba.nacos.naming.iplist. from nacos1:8848

2020-12-21 17:40:50,406 INFO [DISTRO-INIT] load snapshot com.alibaba.nacos.naming.iplist. from nacos1:8848 result: true

2020-12-21 17:40:50,409 INFO [DISTRO-INIT] load snapshot data success

