2020-12-21 17:40:17,164 INFO SPI service [com.alipay.sofa.jraft.JRaftServiceFactory - com.alipay.sofa.jraft.core.DefaultJRaftServiceFactory] loading.

2020-12-21 17:40:17,363 INFO SPI service [com.alipay.sofa.jraft.rpc.RaftRpcFactory - com.alipay.sofa.jraft.rpc.impl.GrpcRaftRpcFactory] loading.

2020-12-21 17:40:17,805 INFO SPI service [com.alipay.sofa.jraft.util.JRaftSignalHandler - com.alipay.sofa.jraft.NodeDescribeSignalHandler] loading.

2020-12-21 17:40:17,807 INFO SPI service [com.alipay.sofa.jraft.util.JRaftSignalHandler - com.alipay.sofa.jraft.NodeMetricsSignalHandler] loading.

2020-12-21 17:40:17,838 INFO SPI service [com.alipay.sofa.jraft.util.JRaftSignalHandler - com.alipay.sofa.jraft.ThreadPoolMetricsSignalHandler] loading.

2020-12-21 17:40:17,841 INFO SPI service [com.alipay.sofa.jraft.util.timer.RaftTimerFactory - com.alipay.sofa.jraft.util.timer.DefaultRaftTimerFactory] loading.

2020-12-21 17:40:17,844 INFO The number of active nodes increment to 1.

2020-12-21 17:40:19,028 INFO Starts FSMCaller successfully.

2020-12-21 17:40:19,045 WARN No data for snapshot reader /home/nacos/data/protocol/raft/naming_persistent_service/snapshot.

2020-12-21 17:40:19,076 INFO Node <naming_persistent_service/nacos3:7848> init, term=0, lastLogId=LogId [index=0, term=0], conf=nacos3:7848,nacos1:7848,nacos2:7848, oldConf=.

2020-12-21 17:40:19,087 WARN RPC server is not started in RaftGroupService.

2020-12-21 17:40:19,087 INFO Start the RaftGroupService successfully.

2020-12-21 17:40:23,849 INFO Node <naming_persistent_service/nacos3:7848> received PreVoteRequest from nacos2:7848, term=1, currTerm=0, granted=true, requestLastLogId=LogId [index=0, term=0], lastLogId=LogId [index=0, term=0].

2020-12-21 17:40:23,923 INFO Node <naming_persistent_service/nacos3:7848> received RequestVoteRequest from nacos2:7848, term=1, currTerm=0.

2020-12-21 17:40:23,979 INFO Save raft meta, path=/home/nacos/data/protocol/raft/naming_persistent_service/meta-data, term=1, votedFor=0.0.0.0:0, cost time=54 ms

2020-12-21 17:40:24,070 INFO Save raft meta, path=/home/nacos/data/protocol/raft/naming_persistent_service/meta-data, term=1, votedFor=nacos2:7848, cost time=70 ms

2020-12-21 17:40:24,270 INFO -Djraft.recyclers.maxCapacityPerThread: 4096.

2020-12-21 18:02:40,518 INFO Deleting snapshot /home/nacos/data/protocol/raft/naming_persistent_service/snapshot/snapshot_1.

2020-12-21 18:02:40,519 INFO Renaming /home/nacos/data/protocol/raft/naming_persistent_service/snapshot/temp to /home/nacos/data/protocol/raft/naming_persistent_service/snapshot/snapshot_1.

2020-12-21 18:10:23,830 INFO Connection disconnected: /172.18.0.3:54052

2020-12-21 18:10:24,767 INFO Connection disconnected: /172.18.0.5:51318

2020-12-21 18:10:24,773 INFO Connection disconnected: /172.18.0.4:53998

