2020-12-21 17:40:16,669 INFO SPI service [com.alipay.sofa.jraft.JRaftServiceFactory - com.alipay.sofa.jraft.core.DefaultJRaftServiceFactory] loading.

2020-12-21 17:40:16,909 INFO SPI service [com.alipay.sofa.jraft.rpc.RaftRpcFactory - com.alipay.sofa.jraft.rpc.impl.GrpcRaftRpcFactory] loading.

2020-12-21 17:40:17,649 INFO SPI service [com.alipay.sofa.jraft.util.JRaftSignalHandler - com.alipay.sofa.jraft.NodeDescribeSignalHandler] loading.

2020-12-21 17:40:17,651 INFO SPI service [com.alipay.sofa.jraft.util.JRaftSignalHandler - com.alipay.sofa.jraft.NodeMetricsSignalHandler] loading.

2020-12-21 17:40:17,672 INFO SPI service [com.alipay.sofa.jraft.util.JRaftSignalHandler - com.alipay.sofa.jraft.ThreadPoolMetricsSignalHandler] loading.

2020-12-21 17:40:17,674 INFO SPI service [com.alipay.sofa.jraft.util.timer.RaftTimerFactory - com.alipay.sofa.jraft.util.timer.DefaultRaftTimerFactory] loading.

2020-12-21 17:40:17,678 INFO The number of active nodes increment to 1.

2020-12-21 17:40:18,952 INFO Starts FSMCaller successfully.

2020-12-21 17:40:18,969 WARN No data for snapshot reader /home/nacos/data/protocol/raft/naming_persistent_service/snapshot.

2020-12-21 17:40:19,033 INFO Node <naming_persistent_service/nacos1:7848> init, term=0, lastLogId=LogId [index=0, term=0], conf=nacos3:7848,nacos1:7848,nacos2:7848, oldConf=.

2020-12-21 17:40:19,044 WARN RPC server is not started in RaftGroupService.

2020-12-21 17:40:19,045 INFO Start the RaftGroupService successfully.

2020-12-21 17:40:23,894 INFO Node <naming_persistent_service/nacos1:7848> received PreVoteRequest from nacos2:7848, term=1, currTerm=0, granted=true, requestLastLogId=LogId [index=0, term=0], lastLogId=LogId [index=0, term=0].

2020-12-21 17:40:23,963 INFO Node <naming_persistent_service/nacos1:7848> received RequestVoteRequest from nacos2:7848, term=1, currTerm=0.

2020-12-21 17:40:24,026 INFO Save raft meta, path=/home/nacos/data/protocol/raft/naming_persistent_service/meta-data, term=1, votedFor=0.0.0.0:0, cost time=58 ms

2020-12-21 17:40:24,117 INFO Save raft meta, path=/home/nacos/data/protocol/raft/naming_persistent_service/meta-data, term=1, votedFor=nacos2:7848, cost time=77 ms

2020-12-21 17:40:24,265 INFO -Djraft.recyclers.maxCapacityPerThread: 4096.

2020-12-21 17:55:33,003 INFO Deleting snapshot /home/nacos/data/protocol/raft/naming_persistent_service/snapshot/snapshot_1.

2020-12-21 17:55:33,004 INFO Renaming /home/nacos/data/protocol/raft/naming_persistent_service/snapshot/temp to /home/nacos/data/protocol/raft/naming_persistent_service/snapshot/snapshot_1.

2020-12-21 18:10:24,551 INFO Connection disconnected: /172.18.0.3:48052

2020-12-21 18:10:24,916 INFO Connection disconnected: /172.18.0.5:37362

2020-12-21 18:10:24,956 INFO Connection disconnected: /172.18.0.4:48040

