2020-12-21 17:40:16,357 INFO raft peers changed: [Member{ip='nacos3', port=8848, state=UP, extendInfo={adWeight=0, raftPort=7848, site=unknow, weight=1}}, Member{ip='nacos2', port=8848, state=UP, extendInfo={adWeight=0, raftPort=7848, site=unknow, weight=1}}, Member{ip='nacos1', port=8848, state=UP, extendInfo={adWeight=0, raftPort=7848, site=unknow, weight=1}}]

2020-12-21 17:40:16,400 INFO initializing Raft sub-system

2020-12-21 17:40:16,400 INFO finish loading all datums, size: 0 cost 0 ms.

2020-12-21 17:40:16,403 INFO cache loaded, datum count: 0, current term: 0

2020-12-21 17:40:16,403 INFO finish to load data from disk, cost: 3 ms.

2020-12-21 17:40:16,458 INFO timer started: leader timeout ms: 15000, heart-beat timeout ms: 5000

2020-12-21 17:40:17,155 INFO raft peers changed: [Member{ip='nacos3', port=8848, state=UP, extendInfo={adWeight=0, raftPort=7848, site=unknow, weight=1}}, Member{ip='nacos2', port=8848, state=UP, extendInfo={adWeight=0, raftPort=7848, site=unknow, weight=1}}, Member{ip='nacos1', port=8848, state=UP, extendInfo={adWeight=0, raftPort=7848, site=unknow, weight=1}}]

2020-12-21 17:40:20,847 INFO add listener: com.alibaba.nacos.naming.domains.meta.00-00---000-NACOS_SWITCH_DOMAIN-000---00-00

2020-12-21 17:40:20,894 INFO add listener: com.alibaba.nacos.naming.domains.meta.

2020-12-21 17:40:26,406 INFO leader timeout, start voting,leader: null, term: 0

2020-12-21 17:40:26,466 INFO received approve from peer: {"ip":"nacos2:8848","voteFor":"nacos2:8848","term":1,"leaderDueMs":12372,"heartbeatDueMs":1500,"state":"CANDIDATE"}

2020-12-21 17:40:26,466 INFO received approve from peer: {"ip":"nacos3:8848","voteFor":"nacos1:8848","term":1,"leaderDueMs":15089,"heartbeatDueMs":3000,"state":"FOLLOWER"}

2020-12-21 17:40:26,469 INFO nacos1:8848 has become the LEADER

2020-12-21 17:40:35,990 ERROR NACOS-RAFT beat failed: 500, peer: nacos3:8848

2020-12-21 17:40:35,992 ERROR NACOS-RAFT beat failed: 500, peer: nacos2:8848

2020-12-21 17:40:36,309 WARN start to close old raft protocol!!!

2020-12-21 17:40:36,309 WARN stop old raft protocol task for notifier

2020-12-21 17:40:36,309 WARN stop old raft protocol task for master task

2020-12-21 17:40:36,309 WARN stop old raft protocol task for heartbeat task

2020-12-21 17:40:36,309 WARN clean old cache datum for old raft

2020-12-21 17:40:36,309 WARN start to close old raft protocol!!!

2020-12-21 17:40:36,309 WARN stop old raft protocol task for notifier

2020-12-21 17:40:36,309 WARN stop old raft protocol task for master task

2020-12-21 17:40:36,309 WARN stop old raft protocol task for heartbeat task

2020-12-21 17:40:36,309 WARN clean old cache datum for old raft

2020-12-21 17:40:36,309 WARN start to move old raft protocol metadata

